Build started 05.04.2014 21:05:22.
     1>Project "C:\Users\Misha\Documents\Visual Studio 2012\Projects\timentris\unitTests\unitTests.vcxproj" on node 2 (Build target(s)).
     1>ClCompile:
         C:\Program Files (x86)\Microsoft Visual Studio 11.0\VC\bin\CL.exe /c /Zi /nologo /W3 /WX- /O2 /Oi /Oy- /GL /D WIN32 /D NDEBUG /D _CONSOLE /D _UNICODE /D UNICODE /Gm- /EHsc /MD /GS /Gy /fp:precise /Zc:wchar_t /Zc:forScope /Fo"Release\\" /Fd"Release\vc110.pdb" /Gd /TP /analyze- /errorReport:prompt ..\timentris\Brick.cpp ..\timentris\Configuration.cpp ..\timentris\Cup.cpp ..\timentris\Cup3dProjection.cpp ..\timentris\Piece.cpp ..\timentris\PieceHelper.cpp ..\timentris\TimentrisGame.cpp unitTests.cpp
         Brick.cpp
         Configuration.cpp
     1>c:\users\misha\documents\visual studio 2012\projects\timentris\timentris\Configuration.h(5): fatal error C1083: Cannot open include file: 'boost/predef.h': No such file or directory
         Cup.cpp
     1>..\timentris\Cup.cpp(128): warning C4018: '>' : signed/unsigned mismatch
     1>..\timentris\Cup.cpp(129): warning C4018: '>' : signed/unsigned mismatch
         Cup3dProjection.cpp
         Piece.cpp
         PieceHelper.cpp
         TimentrisGame.cpp
         unitTests.cpp
     1>c:\users\misha\documents\visual studio 2012\projects\timentris\unittests\unitTests.h(4): fatal error C1083: Cannot open include file: 'boost/test/unit_test.hpp': No such file or directory
     1>Done Building Project "C:\Users\Misha\Documents\Visual Studio 2012\Projects\timentris\unitTests\unitTests.vcxproj" (Build target(s)) -- FAILED.

Build FAILED.

Time Elapsed 00:00:04.46
