Build started 18.05.2014 23:33:27.
     1>Project "C:\Users\Misha\Documents\Visual Studio 2012\Projects\timentris\unitTests\unitTests.vcxproj" on node 2 (Build target(s)).
     1>ClCompile:
         C:\Program Files (x86)\Microsoft Visual Studio 11.0\VC\bin\x86_amd64\CL.exe /c /I"C:\Users\Misha\Documents\Visual Studio 2012\Projects\timentris\include" /Zi /nologo /W3 /WX- /O2 /Oi /GL /D WIN32 /D NDEBUG /D _CONSOLE /D _UNICODE /D UNICODE /Gm- /EHsc /MD /GS /Gy /fp:precise /Zc:wchar_t /Zc:forScope /Fo"x64\Release\\" /Fd"x64\Release\vc110.pdb" /Gd /TP /errorReport:prompt ..\timentris\Brick.cpp ..\timentris\Configuration.cpp ..\timentris\Cup.cpp ..\timentris\Cup3dProjection.cpp ..\timentris\Piece.cpp ..\timentris\PieceHelper.cpp ..\timentris\TimentrisGame.cpp unitTests.cpp
         Brick.cpp
         Configuration.cpp
     1>c:\users\misha\documents\visual studio 2012\projects\timentris\timentris\Configuration.h(6): fatal error C1083: Cannot open include file: 'boost/predef.h': No such file or directory
         Cup.cpp
     1>..\timentris\Cup.cpp(128): warning C4018: '>' : signed/unsigned mismatch
     1>..\timentris\Cup.cpp(129): warning C4018: '>' : signed/unsigned mismatch
     1>..\timentris\Cup.cpp(144): warning C4267: 'return' : conversion from 'size_t' to 'unsigned int', possible loss of data
         Cup3dProjection.cpp
         Piece.cpp
     1>..\timentris\Piece.cpp(222): warning C4267: 'return' : conversion from 'size_t' to 'unsigned int', possible loss of data
         PieceHelper.cpp
     1>..\timentris\PieceHelper.cpp(17): warning C4267: 'argument' : conversion from 'size_t' to 'const arma::uword', possible loss of data
         TimentrisGame.cpp
     1>c:\users\misha\documents\visual studio 2012\projects\timentris\timentris\TimentrisGame.h(5): fatal error C1083: Cannot open include file: 'boost/filesystem.hpp': No such file or directory
         unitTests.cpp
     1>c:\users\misha\documents\visual studio 2012\projects\timentris\unittests\unitTests.h(4): fatal error C1083: Cannot open include file: 'boost/test/unit_test.hpp': No such file or directory
     1>Done Building Project "C:\Users\Misha\Documents\Visual Studio 2012\Projects\timentris\unitTests\unitTests.vcxproj" (Build target(s)) -- FAILED.

Build FAILED.

Time Elapsed 00:00:04.39
